<?xml version="1.0" encoding="UTF-8"?>
<!-- Generated by org.testng.reporters.JUnitReportReporter -->
<testsuite hostname="LAPTOP-NTIC0IO9" failures="0" tests="1" name="RestAPIXML.XMLExample" time="1.813" errors="0" timestamp="04 Dec 2022 04:57:42 GMT" skipped="0">
  <testcase classname="RestAPIXML.XMLExample" name="Test1" time="1.813"/>
</testsuite> <!-- RestAPIXML.XMLExample -->
