<?xml version="1.0" encoding="UTF-8"?>
<!-- Generated by org.testng.reporters.JUnitReportReporter -->
<testsuite hostname="LAPTOP-NTIC0IO9" failures="0" tests="1" name="restAPI.PostRequestWithFile" time="1.163" errors="0" timestamp="04 Dec 2022 04:13:57 GMT" skipped="0">
  <testcase classname="restAPI.PostRequestWithFile" name="test2" time="1.163"/>
</testsuite> <!-- restAPI.PostRequestWithFile -->
