<?xml version="1.0" encoding="UTF-8"?>
<!-- Generated by org.testng.reporters.JUnitReportReporter -->
<testsuite hostname="LAPTOP-NTIC0IO9" failures="0" tests="1" name="restAPI.GetRequestWithParam" time="3.115" errors="0" timestamp="03 Dec 2022 06:25:44 GMT" skipped="0">
  <testcase classname="restAPI.GetRequestWithParam" name="test1" time="3.115"/>
</testsuite> <!-- restAPI.GetRequestWithParam -->
