<?xml version="1.0" encoding="UTF-8"?>
<!-- Generated by org.testng.reporters.JUnitReportReporter -->
<testsuite hostname="LAPTOP-NTIC0IO9" failures="0" tests="1" name="restXMLAPI.XMLExample" time="2.001" errors="0" timestamp="04 Dec 2022 05:19:15 GMT" skipped="0">
  <testcase classname="restXMLAPI.XMLExample" name="Test1" time="2.001"/>
</testsuite> <!-- restXMLAPI.XMLExample -->
