<?xml version="1.0" encoding="UTF-8"?>
<!-- Generated by org.testng.reporters.JUnitReportReporter -->
<testsuite hostname="LAPTOP-NTIC0IO9" failures="0" tests="1" name="restAPI.DeletePackage" time="1.147" errors="0" timestamp="04 Dec 2022 04:42:58 GMT" skipped="0">
  <testcase classname="restAPI.DeletePackage" name="test1" time="1.147"/>
</testsuite> <!-- restAPI.DeletePackage -->
