<?xml version="1.0" encoding="UTF-8"?>
<!-- Generated by org.testng.reporters.JUnitReportReporter -->
<testsuite hostname="LAPTOP-NTIC0IO9" failures="0" tests="1" name="restAPI.GetRequest" time="1.139" errors="0" timestamp="04 Dec 2022 04:35:32 GMT" skipped="0">
  <testcase classname="restAPI.GetRequest" name="test1" time="1.139"/>
</testsuite> <!-- restAPI.GetRequest -->
