<?xml version="1.0" encoding="UTF-8"?>
<!-- Generated by org.testng.reporters.JUnitReportReporter -->
<testsuite hostname="LAPTOP-NTIC0IO9" failures="0" tests="1" name="restAPI.PostRequestWithMap" time="1.916" errors="0" timestamp="03 Dec 2022 07:16:55 GMT" skipped="0">
  <testcase classname="restAPI.PostRequestWithMap" name="test2" time="1.916"/>
</testsuite> <!-- restAPI.PostRequestWithMap -->
