<?xml version="1.0" encoding="UTF-8"?>
<!-- Generated by org.testng.reporters.JUnitReportReporter -->
<testsuite hostname="LAPTOP-NTIC0IO9" failures="0" tests="1" name="restAPIBDD.PostRequest" time="2.076" errors="0" timestamp="04 Dec 2022 06:49:12 GMT" skipped="0">
  <testcase classname="restAPIBDD.PostRequest" name="test1" time="2.076"/>
</testsuite> <!-- restAPIBDD.PostRequest -->
