<?xml version="1.0" encoding="UTF-8"?>
<!-- Generated by org.testng.reporters.JUnitReportReporter -->
<testsuite hostname="LAPTOP-NTIC0IO9" failures="0" tests="3" name="restAPIBDD.GetRequest" time="1.696" errors="0" timestamp="04 Dec 2022 06:54:11 GMT" skipped="0">
  <testcase classname="restAPIBDD.GetRequest" name="test2" time="0.451"/>
  <testcase classname="restAPIBDD.GetRequest" name="test3" time="0.065"/>
  <testcase classname="restAPIBDD.GetRequest" name="test1" time="1.180"/>
</testsuite> <!-- restAPIBDD.GetRequest -->
